SF:lib/meta_weather_api.dart
DA:15,0
LF:1
LH:0
end_of_record
SF:lib/src/meta_weather_api_client.dart
DA:24,1
DA:25,1
DA:31,1
DA:32,1
DA:35,1
DA:37,3
DA:39,2
DA:40,1
DA:43,1
DA:44,1
DA:47,1
DA:48,1
DA:51,2
DA:55,1
DA:56,2
DA:57,3
DA:59,2
DA:60,1
DA:63,2
DA:65,1
DA:66,1
DA:69,1
DA:71,1
DA:72,1
DA:75,2
LF:25
LH:25
end_of_record
SF:lib/src/models/location.dart
DA:5,3
DA:22,1
DA:29,2
DA:30,2
DA:41,1
DA:48,6
DA:50,0
DA:52,0
DA:55,1
DA:57,1
DA:58,1
DA:59,2
DA:60,2
LF:13
LH:11
end_of_record
SF:lib/src/models/location.g.dart
DA:3,2
DA:4,4
DA:5,1
DA:6,4
DA:7,2
DA:8,4
DA:9,1
DA:10,2
DA:11,2
DA:20,2
DA:26,0
DA:28,0
DA:32,4
DA:33,6
DA:34,1
DA:36,2
DA:38,2
DA:41,0
DA:43,1
LF:19
LH:16
end_of_record
SF:lib/src/models/weather.dart
DA:4,3
DA:29,2
DA:32,3
DA:54,2
DA:72,2
DA:73,2
LF:6
LH:6
end_of_record
SF:lib/src/models/weather.g.dart
DA:7,2
DA:8,4
DA:9,2
DA:10,4
DA:12,4
DA:13,2
DA:16,4
DA:18,2
DA:21,4
DA:24,6
DA:25,2
DA:26,4
DA:27,6
DA:28,6
DA:29,6
DA:31,6
DA:33,6
DA:35,6
DA:36,4
DA:38,6
DA:39,4
DA:56,2
DA:62,0
DA:64,0
DA:68,4
DA:69,6
DA:70,1
DA:72,0
DA:74,0
DA:77,3
DA:79,2
LF:31
LH:27
end_of_record
